[     486ms] [INFO] %cDownload the React DevTools for a better development experience: https://react.dev/link/react-devtools font-weight:bold @ http://localhost:5173/node_modules/.vite/deps/client-DgpY3klJ.js?v=7e6c48dc:14337
[     852ms] [ERROR] Failed to load resource: the server responded with a status of 401 (Unauthorized) @ http://localhost:5000/api/toi/danh-gia/6:0
[     962ms] [INFO] %cDownload the React DevTools for a better development experience: https://react.dev/link/react-devtools font-weight:bold @ http://localhost:5173/node_modules/.vite/deps/client-DgpY3klJ.js?v=7e6c48dc:14337
[ 1601894ms] [ERROR] [vite] SyntaxError: The requested module '/src/utils/bookingStorage.ts' does not provide an export named 'StoredBookingInfo' @ http://localhost:5173/@vite/client:904
[ 1601895ms] [ERROR] [vite] Failed to reload /src/pages/PaymentKhachSan.tsx. This could be due to syntax errors or importing non-existent modules. (see errors above) @ http://localhost:5173/@vite/client:904
[ 1613411ms] [ERROR] [vite] SyntaxError: The requested module '/src/utils/bookingStorage.ts' does not provide an export named 'StoredBookingInfo' @ http://localhost:5173/@vite/client:904
[ 1613411ms] [ERROR] [vite] Failed to reload /src/pages/PaymentKhachSan.tsx. This could be due to syntax errors or importing non-existent modules. (see errors above) @ http://localhost:5173/@vite/client:904
[ 1649543ms] [ERROR] [vite] SyntaxError: The requested module '/src/utils/bookingStorage.ts' does not provide an export named 'StoredBookingInfo' @ http://localhost:5173/@vite/client:904
[ 1649544ms] [ERROR] [vite] Failed to reload /src/pages/PaymentKhachSan.tsx. This could be due to syntax errors or importing non-existent modules. (see errors above) @ http://localhost:5173/@vite/client:904
[ 1657432ms] [ERROR] [vite] SyntaxError: The requested module '/src/utils/bookingStorage.ts' does not provide an export named 'StoredBookingInfo' @ http://localhost:5173/@vite/client:904
[ 1657432ms] [ERROR] [vite] Failed to reload /src/pages/PaymentKhachSan.tsx. This could be due to syntax errors or importing non-existent modules. (see errors above) @ http://localhost:5173/@vite/client:904
[ 1664970ms] [ERROR] [vite] SyntaxError: The requested module '/src/utils/bookingStorage.ts' does not provide an export named 'StoredBookingInfo' @ http://localhost:5173/@vite/client:904
[ 1664971ms] [ERROR] [vite] Failed to reload /src/pages/PaymentKhachSan.tsx. This could be due to syntax errors or importing non-existent modules. (see errors above) @ http://localhost:5173/@vite/client:904
[ 1689822ms] [ERROR] [vite] SyntaxError: The requested module '/src/utils/bookingStorage.ts' does not provide an export named 'StoredBookingInfo' @ http://localhost:5173/@vite/client:904
[ 1689822ms] [ERROR] [vite] Failed to reload /src/pages/PaymentKhachSan.tsx. This could be due to syntax errors or importing non-existent modules. (see errors above) @ http://localhost:5173/@vite/client:904
[ 1703868ms] [ERROR] [vite] SyntaxError: The requested module '/src/utils/bookingStorage.ts' does not provide an export named 'StoredBookingInfo' @ http://localhost:5173/@vite/client:904
[ 1703869ms] [ERROR] [vite] Failed to reload /src/pages/PaymentKhachSan.tsx. This could be due to syntax errors or importing non-existent modules. (see errors above) @ http://localhost:5173/@vite/client:904
[ 1712651ms] [ERROR] [vite] SyntaxError: The requested module '/src/utils/bookingStorage.ts' does not provide an export named 'StoredBookingInfo' @ http://localhost:5173/@vite/client:904
[ 1712651ms] [ERROR] [vite] Failed to reload /src/pages/PaymentKhachSan.tsx. This could be due to syntax errors or importing non-existent modules. (see errors above) @ http://localhost:5173/@vite/client:904
[ 1723731ms] [ERROR] [vite] SyntaxError: The requested module '/src/utils/bookingStorage.ts' does not provide an export named 'StoredBookingInfo' @ http://localhost:5173/@vite/client:904
[ 1723731ms] [ERROR] [vite] Failed to reload /src/pages/PaymentKhachSan.tsx. This could be due to syntax errors or importing non-existent modules. (see errors above) @ http://localhost:5173/@vite/client:904
[ 1736146ms] [ERROR] [vite] SyntaxError: The requested module '/src/utils/bookingStorage.ts' does not provide an export named 'StoredBookingInfo' @ http://localhost:5173/@vite/client:904
[ 1736146ms] [ERROR] [vite] Failed to reload /src/pages/PaymentKhachSan.tsx. This could be due to syntax errors or importing non-existent modules. (see errors above) @ http://localhost:5173/@vite/client:904
[ 1743446ms] [ERROR] [vite] SyntaxError: The requested module '/src/utils/bookingStorage.ts' does not provide an export named 'StoredBookingInfo' @ http://localhost:5173/@vite/client:904
[ 1743446ms] [ERROR] [vite] Failed to reload /src/pages/PaymentKhachSan.tsx. This could be due to syntax errors or importing non-existent modules. (see errors above) @ http://localhost:5173/@vite/client:904
[ 1752992ms] [ERROR] [vite] SyntaxError: The requested module '/src/utils/bookingStorage.ts' does not provide an export named 'StoredBookingInfo' @ http://localhost:5173/@vite/client:904
[ 1752992ms] [ERROR] [vite] Failed to reload /src/pages/PaymentKhachSan.tsx. This could be due to syntax errors or importing non-existent modules. (see errors above) @ http://localhost:5173/@vite/client:904
[ 1760240ms] [ERROR] [vite] SyntaxError: The requested module '/src/utils/bookingStorage.ts' does not provide an export named 'StoredBookingInfo' @ http://localhost:5173/@vite/client:904
[ 1760240ms] [ERROR] [vite] Failed to reload /src/pages/PaymentKhachSan.tsx. This could be due to syntax errors or importing non-existent modules. (see errors above) @ http://localhost:5173/@vite/client:904
[ 1770085ms] [ERROR] [vite] SyntaxError: The requested module '/src/utils/bookingStorage.ts' does not provide an export named 'StoredBookingInfo' @ http://localhost:5173/@vite/client:904
[ 1770085ms] [ERROR] [vite] Failed to reload /src/pages/SuccessKhachSan.tsx. This could be due to syntax errors or importing non-existent modules. (see errors above) @ http://localhost:5173/@vite/client:904
[ 1778838ms] [ERROR] [vite] SyntaxError: The requested module '/src/utils/bookingStorage.ts' does not provide an export named 'StoredBookingInfo' @ http://localhost:5173/@vite/client:904
[ 1778838ms] [ERROR] [vite] Failed to reload /src/pages/SuccessKhachSan.tsx. This could be due to syntax errors or importing non-existent modules. (see errors above) @ http://localhost:5173/@vite/client:904
[ 1788254ms] [ERROR] [vite] SyntaxError: The requested module '/src/utils/bookingStorage.ts' does not provide an export named 'StoredBookingInfo' @ http://localhost:5173/@vite/client:904
[ 1788254ms] [ERROR] [vite] Failed to reload /src/pages/SuccessKhachSan.tsx. This could be due to syntax errors or importing non-existent modules. (see errors above) @ http://localhost:5173/@vite/client:904
[ 1797573ms] [ERROR] [vite] SyntaxError: The requested module '/src/utils/bookingStorage.ts' does not provide an export named 'StoredBookingInfo' @ http://localhost:5173/@vite/client:904
[ 1797573ms] [ERROR] [vite] Failed to reload /src/pages/SuccessKhachSan.tsx. This could be due to syntax errors or importing non-existent modules. (see errors above) @ http://localhost:5173/@vite/client:904
[ 1806804ms] [ERROR] [vite] SyntaxError: The requested module '/src/utils/bookingStorage.ts' does not provide an export named 'StoredBookingInfo' @ http://localhost:5173/@vite/client:904
[ 1806804ms] [ERROR] [vite] Failed to reload /src/pages/SuccessKhachSan.tsx. This could be due to syntax errors or importing non-existent modules. (see errors above) @ http://localhost:5173/@vite/client:904
[ 1817606ms] [ERROR] [vite] SyntaxError: The requested module '/src/utils/bookingStorage.ts' does not provide an export named 'StoredBookingInfo' @ http://localhost:5173/@vite/client:904
[ 1817606ms] [ERROR] [vite] Failed to reload /src/pages/SuccessKhachSan.tsx. This could be due to syntax errors or importing non-existent modules. (see errors above) @ http://localhost:5173/@vite/client:904
[ 1825105ms] [ERROR] [vite] SyntaxError: The requested module '/src/utils/bookingStorage.ts' does not provide an export named 'StoredBookingInfo' @ http://localhost:5173/@vite/client:904
[ 1825105ms] [ERROR] [vite] Failed to reload /src/pages/SuccessKhachSan.tsx. This could be due to syntax errors or importing non-existent modules. (see errors above) @ http://localhost:5173/@vite/client:904
[ 1833110ms] [ERROR] [vite] SyntaxError: The requested module '/src/utils/bookingStorage.ts' does not provide an export named 'StoredBookingInfo' @ http://localhost:5173/@vite/client:904
[ 1833110ms] [ERROR] [vite] Failed to reload /src/pages/SuccessKhachSan.tsx. This could be due to syntax errors or importing non-existent modules. (see errors above) @ http://localhost:5173/@vite/client:904
[ 1857210ms] [ERROR] [vite] SyntaxError: The requested module '/src/utils/bookingStorage.ts' does not provide an export named 'StoredBookingInfo' @ http://localhost:5173/@vite/client:904
[ 1857210ms] [ERROR] [vite] Failed to reload /src/pages/CustomerBookings.tsx. This could be due to syntax errors or importing non-existent modules. (see errors above) @ http://localhost:5173/@vite/client:904
[ 1881157ms] [ERROR] [vite] SyntaxError: The requested module '/src/utils/bookingStorage.ts' does not provide an export named 'StoredBookingInfo' @ http://localhost:5173/@vite/client:904
[ 1881157ms] [ERROR] [vite] Failed to reload /src/pages/CustomerBookings.tsx. This could be due to syntax errors or importing non-existent modules. (see errors above) @ http://localhost:5173/@vite/client:904
[ 1890751ms] [ERROR] [vite] SyntaxError: The requested module '/src/utils/bookingStorage.ts' does not provide an export named 'StoredBookingInfo' @ http://localhost:5173/@vite/client:904
[ 1890751ms] [ERROR] [vite] Failed to reload /src/pages/CustomerBookings.tsx. This could be due to syntax errors or importing non-existent modules. (see errors above) @ http://localhost:5173/@vite/client:904
[ 1897042ms] [ERROR] [vite] SyntaxError: The requested module '/src/utils/bookingStorage.ts' does not provide an export named 'StoredBookingInfo' @ http://localhost:5173/@vite/client:904
[ 1897042ms] [ERROR] [vite] Failed to reload /src/pages/CustomerBookings.tsx. This could be due to syntax errors or importing non-existent modules. (see errors above) @ http://localhost:5173/@vite/client:904
